<?xml version="1.0" encoding="UTF-8"?>
<coverage generated="1769886125106" clover="3.2.0">
  <project timestamp="1769886125106" name="All files">
    <metrics statements="29" coveredstatements="29" conditionals="8" coveredconditionals="8" methods="10" coveredmethods="9" elements="47" coveredelements="46" complexity="0" loc="29" ncloc="29" packages="1" files="1" classes="1"/>
    <file name="favorites.ts" path="/Users/branko.slavkov/projects/learning/country-explorer/src/lib/favorites.ts">
      <metrics statements="29" coveredstatements="29" conditionals="8" coveredconditionals="8" methods="10" coveredmethods="9"/>
      <line num="4" count="1" type="stmt"/>
      <line num="9" count="11" type="stmt"/>
      <line num="11" count="25" type="stmt"/>
      <line num="12" count="25" type="stmt"/>
      <line num="13" count="3" type="stmt"/>
      <line num="18" count="11" type="stmt"/>
      <line num="20" count="11" type="stmt"/>
      <line num="21" count="28" type="cond" truecount="2" falsecount="0"/>
      <line num="23" count="17" type="cond" truecount="2" falsecount="0"/>
      <line num="24" count="10" type="stmt"/>
      <line num="26" count="7" type="stmt"/>
      <line num="29" count="17" type="stmt"/>
      <line num="34" count="11" type="stmt"/>
      <line num="35" count="11" type="cond" truecount="2" falsecount="0"/>
      <line num="37" count="1" type="stmt"/>
      <line num="41" count="1" type="stmt"/>
      <line num="42" count="1" type="stmt"/>
      <line num="43" count="1" type="stmt"/>
      <line num="46" count="3" type="stmt"/>
      <line num="47" count="3" type="stmt"/>
      <line num="51" count="6" type="stmt"/>
      <line num="55" count="8" type="stmt"/>
      <line num="57" count="8" type="cond" truecount="2" falsecount="0"/>
      <line num="58" count="1" type="stmt"/>
      <line num="60" count="7" type="stmt"/>
      <line num="63" count="8" type="stmt"/>
      <line num="64" count="8" type="stmt"/>
      <line num="65" count="8" type="stmt"/>
      <line num="69" count="1" type="stmt"/>
    </file>
  </project>
</coverage>
