{"/Users/branko.slavkov/projects/learning/country-explorer/src/lib/favorites.ts": {"path":"/Users/branko.slavkov/projects/learning/country-explorer/src/lib/favorites.ts","statementMap":{"0":{"start":{"line":4,"column":19},"end":{"line":4,"column":null}},"1":{"start":{"line":9,"column":15},"end":{"line":9,"column":null}},"2":{"start":{"line":11,"column":16},"end":{"line":15,"column":null}},"3":{"start":{"line":41,"column":14},"end":{"line":44,"column":null}},"4":{"start":{"line":46,"column":16},"end":{"line":48,"column":null}},"5":{"start":{"line":12,"column":4},"end":{"line":14,"column":null}},"6":{"start":{"line":13,"column":6},"end":{"line":13,"column":null}},"7":{"start":{"line":18,"column":4},"end":{"line":18,"column":null}},"8":{"start":{"line":20,"column":4},"end":{"line":30,"column":null}},"9":{"start":{"line":21,"column":6},"end":{"line":21,"column":null}},"10":{"start":{"line":21,"column":25},"end":{"line":21,"column":null}},"11":{"start":{"line":23,"column":6},"end":{"line":27,"column":null}},"12":{"start":{"line":24,"column":8},"end":{"line":24,"column":null}},"13":{"start":{"line":26,"column":8},"end":{"line":26,"column":null}},"14":{"start":{"line":29,"column":6},"end":{"line":29,"column":null}},"15":{"start":{"line":34,"column":4},"end":{"line":38,"column":null}},"16":{"start":{"line":35,"column":6},"end":{"line":35,"column":null}},"17":{"start":{"line":37,"column":6},"end":{"line":37,"column":null}},"18":{"start":{"line":42,"column":4},"end":{"line":42,"column":null}},"19":{"start":{"line":43,"column":4},"end":{"line":43,"column":null}},"20":{"start":{"line":43,"column":17},"end":{"line":43,"column":null}},"21":{"start":{"line":47,"column":4},"end":{"line":47,"column":null}},"22":{"start":{"line":51,"column":4},"end":{"line":51,"column":null}},"23":{"start":{"line":55,"column":22},"end":{"line":55,"column":null}},"24":{"start":{"line":57,"column":4},"end":{"line":61,"column":null}},"25":{"start":{"line":58,"column":6},"end":{"line":58,"column":null}},"26":{"start":{"line":60,"column":6},"end":{"line":60,"column":null}},"27":{"start":{"line":63,"column":4},"end":{"line":63,"column":null}},"28":{"start":{"line":64,"column":4},"end":{"line":64,"column":null}},"29":{"start":{"line":65,"column":4},"end":{"line":65,"column":null}},"30":{"start":{"line":69,"column":37},"end":{"line":69,"column":null}}},"fnMap":{"0":{"name":"(anonymous_0)","decl":{"start":{"line":11,"column":16},"end":{"line":11,"column":22}},"loc":{"start":{"line":11,"column":22},"end":{"line":15,"column":null}},"line":11},"1":{"name":"(anonymous_1)","decl":{"start":{"line":12,"column":28},"end":{"line":12,"column":29}},"loc":{"start":{"line":12,"column":42},"end":{"line":14,"column":5}},"line":12},"2":{"name":"(anonymous_2)","decl":{"start":{"line":17,"column":2},"end":{"line":17,"column":16}},"loc":{"start":{"line":17,"column":16},"end":{"line":31,"column":null}},"line":17},"3":{"name":"(anonymous_3)","decl":{"start":{"line":20,"column":39},"end":{"line":20,"column":40}},"loc":{"start":{"line":20,"column":46},"end":{"line":30,"column":5}},"line":20},"4":{"name":"(anonymous_4)","decl":{"start":{"line":33,"column":2},"end":{"line":33,"column":38}},"loc":{"start":{"line":33,"column":38},"end":{"line":39,"column":null}},"line":33},"5":{"name":"(anonymous_5)","decl":{"start":{"line":41,"column":14},"end":{"line":41,"column":15}},"loc":{"start":{"line":41,"column":40},"end":{"line":44,"column":null}},"line":41},"6":{"name":"(anonymous_6)","decl":{"start":{"line":43,"column":11},"end":{"line":43,"column":17}},"loc":{"start":{"line":43,"column":17},"end":{"line":43,"column":null}},"line":43},"7":{"name":"(anonymous_7)","decl":{"start":{"line":46,"column":16},"end":{"line":46,"column":39}},"loc":{"start":{"line":46,"column":39},"end":{"line":48,"column":null}},"line":46},"8":{"name":"(anonymous_8)","decl":{"start":{"line":50,"column":2},"end":{"line":50,"column":6}},"loc":{"start":{"line":50,"column":45},"end":{"line":52,"column":null}},"line":50},"9":{"name":"(anonymous_9)","decl":{"start":{"line":54,"column":2},"end":{"line":54,"column":9}},"loc":{"start":{"line":54,"column":45},"end":{"line":66,"column":null}},"line":54}},"branchMap":{"0":{"loc":{"start":{"line":21,"column":6},"end":{"line":21,"column":null}},"type":"if","locations":[{"start":{"line":21,"column":6},"end":{"line":21,"column":null}},{"start":{},"end":{}}],"line":21},"1":{"loc":{"start":{"line":23,"column":6},"end":{"line":27,"column":null}},"type":"if","locations":[{"start":{"line":23,"column":6},"end":{"line":27,"column":null}},{"start":{"line":25,"column":13},"end":{"line":27,"column":null}}],"line":23},"2":{"loc":{"start":{"line":35,"column":24},"end":{"line":35,"column":57}},"type":"binary-expr","locations":[{"start":{"line":35,"column":24},"end":{"line":35,"column":53}},{"start":{"line":35,"column":53},"end":{"line":35,"column":57}}],"line":35},"3":{"loc":{"start":{"line":57,"column":4},"end":{"line":61,"column":null}},"type":"if","locations":[{"start":{"line":57,"column":4},"end":{"line":61,"column":null}},{"start":{"line":59,"column":11},"end":{"line":61,"column":null}}],"line":57}},"s":{"0":1,"1":11,"2":25,"3":1,"4":3,"5":25,"6":3,"7":11,"8":11,"9":28,"10":11,"11":17,"12":10,"13":7,"14":17,"15":11,"16":11,"17":1,"18":1,"19":1,"20":0,"21":3,"22":6,"23":8,"24":8,"25":1,"26":7,"27":8,"28":8,"29":8,"30":1},"f":{"0":25,"1":3,"2":11,"3":28,"4":11,"5":1,"6":0,"7":3,"8":6,"9":8},"b":{"0":[11,17],"1":[10,7],"2":[11,10],"3":[1,7]},"meta":{"lastBranch":4,"lastFunction":10,"lastStatement":31,"seen":{"s:4:19:4:Infinity":0,"s:9:15:9:Infinity":1,"s:11:16:15:Infinity":2,"s:41:14:44:Infinity":3,"s:46:16:48:Infinity":4,"f:11:16:11:22":0,"s:12:4:14:Infinity":5,"f:12:28:12:29":1,"s:13:6:13:Infinity":6,"f:17:2:17:16":2,"s:18:4:18:Infinity":7,"s:20:4:30:Infinity":8,"f:20:39:20:40":3,"b:21:6:21:Infinity:undefined:undefined:undefined:undefined":0,"s:21:6:21:Infinity":9,"s:21:25:21:Infinity":10,"b:23:6:27:Infinity:25:13:27:Infinity":1,"s:23:6:27:Infinity":11,"s:24:8:24:Infinity":12,"s:26:8:26:Infinity":13,"s:29:6:29:Infinity":14,"f:33:2:33:38":4,"s:34:4:38:Infinity":15,"s:35:6:35:Infinity":16,"b:35:24:35:53:35:53:35:57":2,"s:37:6:37:Infinity":17,"f:41:14:41:15":5,"s:42:4:42:Infinity":18,"s:43:4:43:Infinity":19,"f:43:11:43:17":6,"s:43:17:43:Infinity":20,"f:46:16:46:39":7,"s:47:4:47:Infinity":21,"f:50:2:50:6":8,"s:51:4:51:Infinity":22,"f:54:2:54:9":9,"s:55:22:55:Infinity":23,"b:57:4:61:Infinity:59:11:61:Infinity":3,"s:57:4:61:Infinity":24,"s:58:6:58:Infinity":25,"s:60:6:60:Infinity":26,"s:63:4:63:Infinity":27,"s:64:4:64:Infinity":28,"s:65:4:65:Infinity":29,"s:69:37:69:Infinity":30}}}
}
